Using pre-set license
Built from '2020.2/release' branch; Version is '2020.2.1f1 (270dd8c3da1c) revision 2559448'; Using compiler version '192528614'; Build Type 'Release'
OS: 'Windows 10  (10.0.0) 64bit' Language: 'en' Physical Memory: 6092 MB
BatchMode: 1, IsHumanControllingUs: 0, StartBugReporterOnCrash: 0, Is64bit: 1, IsPro: 0

 COMMAND LINE ARGUMENTS:
C:\Program Files\Unity\Hub\Editor\2020.2.1f1\Editor\Unity.exe
-adb2
-batchMode
-noUpm
-name
AssetImportWorker0
-projectPath
C:/Users/Scott/Documents/Unity/Cold-War-Game-Jam
-logFile
Logs/AssetImportWorker0.log
-srvPort
51123
Successfully changed project path to: C:/Users/Scott/Documents/Unity/Cold-War-Game-Jam
C:/Users/Scott/Documents/Unity/Cold-War-Game-Jam
Using Asset Import Pipeline V2.
Refreshing native plugins compatible for Editor in 46.82 ms, found 1 plugins.
Preloading 0 native plugins for Editor in 0.00 ms.
Initialize engine version: 2020.2.1f1 (270dd8c3da1c)
[Subsystems] Discovering subsystems at path C:/Program Files/Unity/Hub/Editor/2020.2.1f1/Editor/Data/Resources/UnitySubsystems
[Subsystems] Discovering subsystems at path C:/Users/Scott/Documents/Unity/Cold-War-Game-Jam/Assets
GfxDevice: creating device client; threaded=0
Direct3D:
    Version:  Direct3D 11.0 [level 11.1]
    Renderer: AMD Radeon(TM) Vega 8 Graphics (ID=0x15dd)
    Vendor:   
    VRAM:     3046 MB
    Driver:   26.20.12028.2
Initialize mono
Mono path[0] = 'C:/Program Files/Unity/Hub/Editor/2020.2.1f1/Editor/Data/Managed'
Mono path[1] = 'C:/Program Files/Unity/Hub/Editor/2020.2.1f1/Editor/Data/MonoBleedingEdge/lib/mono/unityjit'
Mono config path = 'C:/Program Files/Unity/Hub/Editor/2020.2.1f1/Editor/Data/MonoBleedingEdge/etc'
Using monoOptions --debugger-agent=transport=dt_socket,embedding=1,server=y,suspend=n,address=127.0.0.1:56808
Begin MonoManager ReloadAssembly
Registering precompiled unity dll's ...
Register platform support module: C:/Program Files/Unity/Hub/Editor/2020.2.1f1/Editor/Data/PlaybackEngines/WebGLSupport/UnityEditor.WebGL.Extensions.dll
Register platform support module: C:/Program Files/Unity/Hub/Editor/2020.2.1f1/Editor/Data/PlaybackEngines/MacStandaloneSupport/UnityEditor.OSXStandalone.Extensions.dll
Register platform support module: C:/Program Files/Unity/Hub/Editor/2020.2.1f1/Editor/Data/PlaybackEngines/WindowsStandaloneSupport/UnityEditor.WindowsStandalone.Extensions.dll
Register platform support module: C:/Program Files/Unity/Hub/Editor/2020.2.1f1/Editor/Data/PlaybackEngines/LinuxStandaloneSupport/UnityEditor.LinuxStandalone.Extensions.dll
Registered in 0.004237 seconds.
Native extension for LinuxStandalone target not found
Native extension for WindowsStandalone target not found
Native extension for OSXStandalone target not found
Native extension for WebGL target not found
Refreshing native plugins compatible for Editor in 47.00 ms, found 1 plugins.
Preloading 0 native plugins for Editor in 0.00 ms.
Invoked RoslynAnalysisRunner static constructor.
RoslynAnalysisRunner will not be running.
RoslynAnalysisRunner has terminated.
Mono: successfully reloaded assembly
- Completed reload, in  3.081 seconds
Platform modules already initialized, skipping
Registering precompiled user dll's ...
Registered in 0.001440 seconds.
Begin MonoManager ReloadAssembly
Native extension for LinuxStandalone target not found
Native extension for WindowsStandalone target not found
Native extension for OSXStandalone target not found
Native extension for WebGL target not found
Refreshing native plugins compatible for Editor in 47.91 ms, found 1 plugins.
Preloading 0 native plugins for Editor in 0.00 ms.
Invoked RoslynAnalysisRunner static constructor.
RoslynAnalysisRunner will not be running.
RoslynAnalysisRunner has terminated.
Mono: successfully reloaded assembly
- Completed reload, in  1.332 seconds
Platform modules already initialized, skipping
========================================================================
Worker process is ready to serve import requests
Launched and connected shader compiler UnityShaderCompiler.exe after 0.04 seconds
Refreshing native plugins compatible for Editor in 0.36 ms, found 1 plugins.
Preloading 0 native plugins for Editor in 0.00 ms.
Unloading 1787 Unused Serialized files (Serialized files now loaded: 0)
System memory in use before: 83.7 MB.
System memory in use after: 83.6 MB.

Unloading 24 unused Assets to reduce memory usage. Loaded Objects now: 2226.
Total: 2.463700 ms (FindLiveObjects: 0.244700 ms CreateObjectMapping: 0.055900 ms MarkObjects: 2.023500 ms  DeleteObjects: 0.138200 ms)

========================================================================
Received Import Request.
  path: Assets/Tex
  artifactKey: Guid(6b9857c66291f054f80ded6b137bc06c) Importer(815301076,1909f56bfc062723c751e8b465ee728b)
Start importing Assets/Tex using Guid(6b9857c66291f054f80ded6b137bc06c) Importer(815301076,1909f56bfc062723c751e8b465ee728b)  -> (artifact id: 'a6006611d4f4f0b06c3f59d7faaf0a6c') in 0.014140 seconds
  Import took 0.017909 seconds .

========================================================================
Received Import Request.
  Time since last request: 80.498987 seconds.
  path: Assets/Tex/US.jpg
  artifactKey: Guid(bbb9b5c0799d72741bb9c7da98c134fb) Importer(815301076,1909f56bfc062723c751e8b465ee728b)
Start importing Assets/Tex/US.jpg using Guid(bbb9b5c0799d72741bb9c7da98c134fb) Importer(815301076,1909f56bfc062723c751e8b465ee728b)  -> (artifact id: '9e2deabc87c36a37f47be61a9acd59e9') in 0.139216 seconds
  Import took 0.142935 seconds .

========================================================================
Received Import Request.
  Time since last request: 0.000184 seconds.
  path: Assets/Tex/USSR.jpg
  artifactKey: Guid(83599ecdc1856f941b8180fd0cdd8e1d) Importer(815301076,1909f56bfc062723c751e8b465ee728b)
Start importing Assets/Tex/USSR.jpg using Guid(83599ecdc1856f941b8180fd0cdd8e1d) Importer(815301076,1909f56bfc062723c751e8b465ee728b)  -> (artifact id: '3835b56985a820f357fe1eef41d01c23') in 0.038056 seconds
  Import took 0.041317 seconds .

========================================================================
Received Import Request.
  Time since last request: 5.763177 seconds.
  path: Assets/Scenes
  artifactKey: Guid(0fff8bbe2a4dc9844b6ce408e233dc82) Importer(815301076,1909f56bfc062723c751e8b465ee728b)
Start importing Assets/Scenes using Guid(0fff8bbe2a4dc9844b6ce408e233dc82) Importer(815301076,1909f56bfc062723c751e8b465ee728b)  -> (artifact id: '6c30e688f63226600412d29dbe6ee181') in 0.011146 seconds
  Import took 0.015503 seconds .

========================================================================
Received Import Request.
  Time since last request: 0.791764 seconds.
  path: Assets/Scenes/SampleScene.unity
  artifactKey: Guid(2cda990e2423bbf4892e6590ba056729) Importer(815301076,1909f56bfc062723c751e8b465ee728b)
Start importing Assets/Scenes/SampleScene.unity using Guid(2cda990e2423bbf4892e6590ba056729) Importer(815301076,1909f56bfc062723c751e8b465ee728b)  -> (artifact id: '68e638b9c95263cbd6c5b1eb18544bd4') in 0.011357 seconds
  Import took 0.019941 seconds .

========================================================================
Received Import Request.
  Time since last request: 7.665652 seconds.
  path: Assets/Scenes/USPLAY.unity
  artifactKey: Guid(fe1b9a4f04b233f4b9b1bb470880545c) Importer(815301076,1909f56bfc062723c751e8b465ee728b)
Start importing Assets/Scenes/USPLAY.unity using Guid(fe1b9a4f04b233f4b9b1bb470880545c) Importer(815301076,1909f56bfc062723c751e8b465ee728b)  -> (artifact id: 'aa344cea22c050e2e720f532c95f00a5') in 0.010909 seconds
  Import took 0.015067 seconds .

========================================================================
Received Import Request.
  Time since last request: 0.003877 seconds.
  path: Assets/Scenes/USPLAY.unity
  artifactKey: Guid(fe1b9a4f04b233f4b9b1bb470880545c) Importer(815301076,1909f56bfc062723c751e8b465ee728b)
Start importing Assets/Scenes/USPLAY.unity using Guid(fe1b9a4f04b233f4b9b1bb470880545c) Importer(815301076,1909f56bfc062723c751e8b465ee728b)  -> (artifact id: 'aa344cea22c050e2e720f532c95f00a5') in 0.005018 seconds
  Import took 0.009768 seconds .

========================================================================
Received Import Request.
  Time since last request: 350.252551 seconds.
  path: Assets/Tex/US.jpg
  artifactKey: Guid(bbb9b5c0799d72741bb9c7da98c134fb) Importer(815301076,1909f56bfc062723c751e8b465ee728b)
Start importing Assets/Tex/US.jpg using Guid(bbb9b5c0799d72741bb9c7da98c134fb) Importer(815301076,1909f56bfc062723c751e8b465ee728b)  -> (artifact id: '65e0e3ecae72e31815e057429002b2a3') in 0.040174 seconds
  Import took 0.044756 seconds .

AssetImportWorkerClient::OnTransportError - code=2 error=End of file
